2023-05-09T15:32:43.526+07:00  INFO 19916 --- [restartedMain] c.l.l.LazySmoothServerApplication        : Starting LazySmoothServerApplication using Java 17.0.7 with PID 19916 (D:\Development\GitRepositories\LazySmoothPOS\LazySmoothServer\build\classes\java\main started by mrgos in D:\Development\GitRepositories\LazySmoothPOS\LazySmoothServer)
2023-05-09T15:32:43.528+07:00  INFO 19916 --- [restartedMain] c.l.l.LazySmoothServerApplication        : No active profile set, falling back to 1 default profile: "default"
2023-05-09T15:32:43.553+07:00  INFO 19916 --- [restartedMain] .e.DevToolsPropertyDefaultsPostProcessor : Devtools property defaults active! Set 'spring.devtools.add-properties' to 'false' to disable
2023-05-09T15:32:43.554+07:00  INFO 19916 --- [restartedMain] .e.DevToolsPropertyDefaultsPostProcessor : For additional web related logging consider setting the 'logging.level.web' property to 'DEBUG'
2023-05-09T15:32:43.895+07:00  INFO 19916 --- [restartedMain] .s.d.r.c.RepositoryConfigurationDelegate : Multiple Spring Data modules found, entering strict repository configuration mode
2023-05-09T15:32:43.896+07:00  INFO 19916 --- [restartedMain] .s.d.r.c.RepositoryConfigurationDelegate : Bootstrapping Spring Data JDBC repositories in DEFAULT mode.
2023-05-09T15:32:43.904+07:00  INFO 19916 --- [restartedMain] .s.d.r.c.RepositoryConfigurationDelegate : Finished Spring Data repository scanning in 6 ms. Found 0 JDBC repository interfaces.
2023-05-09T15:32:43.910+07:00  INFO 19916 --- [restartedMain] .s.d.r.c.RepositoryConfigurationDelegate : Multiple Spring Data modules found, entering strict repository configuration mode
2023-05-09T15:32:43.910+07:00  INFO 19916 --- [restartedMain] .s.d.r.c.RepositoryConfigurationDelegate : Bootstrapping Spring Data JPA repositories in DEFAULT mode.
2023-05-09T15:32:43.913+07:00  INFO 19916 --- [restartedMain] .s.d.r.c.RepositoryConfigurationDelegate : Finished Spring Data repository scanning in 0 ms. Found 0 JPA repository interfaces.
2023-05-09T15:32:44.215+07:00  INFO 19916 --- [restartedMain] o.s.b.w.embedded.tomcat.TomcatWebServer  : Tomcat initialized with port(s): 8080 (http)
2023-05-09T15:32:44.221+07:00  INFO 19916 --- [restartedMain] o.apache.catalina.core.StandardService   : Starting service [Tomcat]
2023-05-09T15:32:44.221+07:00  INFO 19916 --- [restartedMain] o.apache.catalina.core.StandardEngine    : Starting Servlet engine: [Apache Tomcat/10.1.8]
2023-05-09T15:32:44.257+07:00  INFO 19916 --- [restartedMain] o.a.c.c.C.[Tomcat].[localhost].[/]       : Initializing Spring embedded WebApplicationContext
2023-05-09T15:32:44.257+07:00  INFO 19916 --- [restartedMain] w.s.c.ServletWebServerApplicationContext : Root WebApplicationContext: initialization completed in 703 ms
2023-05-09T15:32:44.354+07:00  INFO 19916 --- [restartedMain] o.hibernate.jpa.internal.util.LogHelper  : HHH000204: Processing PersistenceUnitInfo [name: default]
2023-05-09T15:32:44.386+07:00  INFO 19916 --- [restartedMain] org.hibernate.Version                    : HHH000412: Hibernate ORM core version 6.2.2.Final
2023-05-09T15:32:44.387+07:00  INFO 19916 --- [restartedMain] org.hibernate.cfg.Environment            : HHH000406: Using bytecode reflection optimizer
2023-05-09T15:32:44.471+07:00  INFO 19916 --- [restartedMain] o.h.b.i.BytecodeProviderInitiator        : HHH000021: Bytecode provider name : bytebuddy
2023-05-09T15:32:44.569+07:00  INFO 19916 --- [restartedMain] o.s.o.j.p.SpringPersistenceUnitInfo      : No LoadTimeWeaver setup: ignoring JPA class transformer
2023-05-09T15:32:44.581+07:00  INFO 19916 --- [restartedMain] com.zaxxer.hikari.HikariDataSource       : HikariPool-1 - Starting...
2023-05-09T15:32:44.583+07:00  WARN 19916 --- [restartedMain] c.zaxxer.hikari.util.DriverDataSource    : Registered driver with driverClassName=com.mysql.jdbc.Driver was not found, trying direct instantiation.
2023-05-09T15:32:44.794+07:00  INFO 19916 --- [restartedMain] com.zaxxer.hikari.pool.HikariPool        : HikariPool-1 - Added connection com.mysql.cj.jdbc.ConnectionImpl@4e7d8a17
2023-05-09T15:32:44.796+07:00  INFO 19916 --- [restartedMain] com.zaxxer.hikari.HikariDataSource       : HikariPool-1 - Start completed.
2023-05-09T15:32:44.842+07:00  INFO 19916 --- [restartedMain] org.hibernate.orm.dialect                : HHH035001: Using dialect: org.hibernate.dialect.MySQLDialect, version: 8.0.32
2023-05-09T15:32:44.892+07:00  INFO 19916 --- [restartedMain] o.h.b.i.BytecodeProviderInitiator        : HHH000021: Bytecode provider name : bytebuddy
2023-05-09T15:32:45.013+07:00  INFO 19916 --- [restartedMain] o.h.e.t.j.p.i.JtaPlatformInitiator       : HHH000490: Using JtaPlatform implementation: [org.hibernate.engine.transaction.jta.platform.internal.NoJtaPlatform]
2023-05-09T15:32:45.016+07:00  INFO 19916 --- [restartedMain] j.LocalContainerEntityManagerFactoryBean : Initialized JPA EntityManagerFactory for persistence unit 'default'
2023-05-09T15:32:45.042+07:00  WARN 19916 --- [restartedMain] JpaBaseConfiguration$JpaWebConfiguration : spring.jpa.open-in-view is enabled by default. Therefore, database queries may be performed during view rendering. Explicitly configure spring.jpa.open-in-view to disable this warning
2023-05-09T15:32:45.268+07:00  INFO 19916 --- [restartedMain] o.s.b.d.a.OptionalLiveReloadServer       : LiveReload server is running on port 35729
2023-05-09T15:32:45.289+07:00  INFO 19916 --- [restartedMain] o.s.b.w.embedded.tomcat.TomcatWebServer  : Tomcat started on port(s): 8080 (http) with context path ''
2023-05-09T15:32:45.294+07:00  INFO 19916 --- [restartedMain] c.l.l.LazySmoothServerApplication        : Started LazySmoothServerApplication in 1.993 seconds (process running for 2.377)
2023-05-09T15:32:46.586+07:00  INFO 19916 --- [http-nio-8080-exec-1] o.a.c.c.C.[Tomcat].[localhost].[/]       : Initializing Spring DispatcherServlet 'dispatcherServlet'
2023-05-09T15:32:46.586+07:00  INFO 19916 --- [http-nio-8080-exec-1] o.s.web.servlet.DispatcherServlet        : Initializing Servlet 'dispatcherServlet'
2023-05-09T15:32:46.587+07:00  INFO 19916 --- [http-nio-8080-exec-1] o.s.web.servlet.DispatcherServlet        : Completed initialization in 0 ms
2023-05-09T15:32:54.789+07:00  INFO 19916 --- [SpringApplicationShutdownHook] j.LocalContainerEntityManagerFactoryBean : Closing JPA EntityManagerFactory for persistence unit 'default'
2023-05-09T15:32:54.791+07:00  INFO 19916 --- [SpringApplicationShutdownHook] com.zaxxer.hikari.HikariDataSource       : HikariPool-1 - Shutdown initiated...
2023-05-09T15:32:54.795+07:00  INFO 19916 --- [SpringApplicationShutdownHook] com.zaxxer.hikari.HikariDataSource       : HikariPool-1 - Shutdown completed.
2023-05-09T19:53:16.623+07:00  INFO 4768 --- [restartedMain] c.l.pos.LazySmoothServerApplication      : Starting LazySmoothServerApplication using Java 17.0.7 with PID 4768 (D:\Development\GitRepositories\LazySmoothPOS\LazySmoothServer\build\classes\java\main started by mrgos in D:\Development\GitRepositories\LazySmoothPOS\LazySmoothServer)
2023-05-09T19:53:16.625+07:00  INFO 4768 --- [restartedMain] c.l.pos.LazySmoothServerApplication      : No active profile set, falling back to 1 default profile: "default"
2023-05-09T19:53:16.647+07:00  INFO 4768 --- [restartedMain] .e.DevToolsPropertyDefaultsPostProcessor : Devtools property defaults active! Set 'spring.devtools.add-properties' to 'false' to disable
2023-05-09T19:53:16.647+07:00  INFO 4768 --- [restartedMain] .e.DevToolsPropertyDefaultsPostProcessor : For additional web related logging consider setting the 'logging.level.web' property to 'DEBUG'
2023-05-09T19:53:16.973+07:00  INFO 4768 --- [restartedMain] .s.d.r.c.RepositoryConfigurationDelegate : Multiple Spring Data modules found, entering strict repository configuration mode
2023-05-09T19:53:16.974+07:00  INFO 4768 --- [restartedMain] .s.d.r.c.RepositoryConfigurationDelegate : Bootstrapping Spring Data JDBC repositories in DEFAULT mode.
2023-05-09T19:53:16.984+07:00  INFO 4768 --- [restartedMain] .s.d.r.c.RepositoryConfigurationDelegate : Finished Spring Data repository scanning in 8 ms. Found 0 JDBC repository interfaces.
2023-05-09T19:53:16.990+07:00  INFO 4768 --- [restartedMain] .s.d.r.c.RepositoryConfigurationDelegate : Multiple Spring Data modules found, entering strict repository configuration mode
2023-05-09T19:53:16.990+07:00  INFO 4768 --- [restartedMain] .s.d.r.c.RepositoryConfigurationDelegate : Bootstrapping Spring Data JPA repositories in DEFAULT mode.
2023-05-09T19:53:16.994+07:00  INFO 4768 --- [restartedMain] .s.d.r.c.RepositoryConfigurationDelegate : Finished Spring Data repository scanning in 1 ms. Found 0 JPA repository interfaces.
2023-05-09T19:53:17.294+07:00  INFO 4768 --- [restartedMain] o.s.b.w.embedded.tomcat.TomcatWebServer  : Tomcat initialized with port(s): 8080 (http)
2023-05-09T19:53:17.299+07:00  INFO 4768 --- [restartedMain] o.apache.catalina.core.StandardService   : Starting service [Tomcat]
2023-05-09T19:53:17.300+07:00  INFO 4768 --- [restartedMain] o.apache.catalina.core.StandardEngine    : Starting Servlet engine: [Apache Tomcat/10.1.8]
2023-05-09T19:53:17.338+07:00  INFO 4768 --- [restartedMain] o.a.c.c.C.[Tomcat].[localhost].[/]       : Initializing Spring embedded WebApplicationContext
2023-05-09T19:53:17.338+07:00  INFO 4768 --- [restartedMain] w.s.c.ServletWebServerApplicationContext : Root WebApplicationContext: initialization completed in 690 ms
2023-05-09T19:53:17.411+07:00  INFO 4768 --- [restartedMain] o.hibernate.jpa.internal.util.LogHelper  : HHH000204: Processing PersistenceUnitInfo [name: default]
2023-05-09T19:53:17.440+07:00  INFO 4768 --- [restartedMain] org.hibernate.Version                    : HHH000412: Hibernate ORM core version 6.2.2.Final
2023-05-09T19:53:17.442+07:00  INFO 4768 --- [restartedMain] org.hibernate.cfg.Environment            : HHH000406: Using bytecode reflection optimizer
2023-05-09T19:53:17.518+07:00  INFO 4768 --- [restartedMain] o.h.b.i.BytecodeProviderInitiator        : HHH000021: Bytecode provider name : bytebuddy
2023-05-09T19:53:17.599+07:00  INFO 4768 --- [restartedMain] o.s.o.j.p.SpringPersistenceUnitInfo      : No LoadTimeWeaver setup: ignoring JPA class transformer
2023-05-09T19:53:17.609+07:00  INFO 4768 --- [restartedMain] com.zaxxer.hikari.HikariDataSource       : HikariPool-1 - Starting...
2023-05-09T19:53:17.611+07:00  WARN 4768 --- [restartedMain] c.zaxxer.hikari.util.DriverDataSource    : Registered driver with driverClassName=com.mysql.jdbc.Driver was not found, trying direct instantiation.
2023-05-09T19:53:17.780+07:00  INFO 4768 --- [restartedMain] com.zaxxer.hikari.pool.HikariPool        : HikariPool-1 - Added connection com.mysql.cj.jdbc.ConnectionImpl@3f6af170
2023-05-09T19:53:17.782+07:00  INFO 4768 --- [restartedMain] com.zaxxer.hikari.HikariDataSource       : HikariPool-1 - Start completed.
2023-05-09T19:53:17.819+07:00  INFO 4768 --- [restartedMain] org.hibernate.orm.dialect                : HHH035001: Using dialect: org.hibernate.dialect.MySQLDialect, version: 8.0.32
2023-05-09T19:53:17.934+07:00  INFO 4768 --- [restartedMain] o.h.b.i.BytecodeProviderInitiator        : HHH000021: Bytecode provider name : bytebuddy
2023-05-09T19:53:18.316+07:00  INFO 4768 --- [restartedMain] o.h.e.t.j.p.i.JtaPlatformInitiator       : HHH000490: Using JtaPlatform implementation: [org.hibernate.engine.transaction.jta.platform.internal.NoJtaPlatform]
2023-05-09T19:53:18.504+07:00  INFO 4768 --- [restartedMain] j.LocalContainerEntityManagerFactoryBean : Initialized JPA EntityManagerFactory for persistence unit 'default'
2023-05-09T19:53:18.589+07:00  WARN 4768 --- [restartedMain] JpaBaseConfiguration$JpaWebConfiguration : spring.jpa.open-in-view is enabled by default. Therefore, database queries may be performed during view rendering. Explicitly configure spring.jpa.open-in-view to disable this warning
2023-05-09T19:53:18.795+07:00  INFO 4768 --- [restartedMain] o.s.b.d.a.OptionalLiveReloadServer       : LiveReload server is running on port 35729
2023-05-09T19:53:18.817+07:00  INFO 4768 --- [restartedMain] o.s.b.w.embedded.tomcat.TomcatWebServer  : Tomcat started on port(s): 8080 (http) with context path ''
2023-05-09T19:53:18.818+07:00  INFO 4768 --- [restartedMain] o.s.m.s.b.SimpleBrokerMessageHandler     : Starting...
2023-05-09T19:53:18.818+07:00  INFO 4768 --- [restartedMain] o.s.m.s.b.SimpleBrokerMessageHandler     : BrokerAvailabilityEvent[available=true, SimpleBrokerMessageHandler [org.springframework.messaging.simp.broker.DefaultSubscriptionRegistry@d46e48]]
2023-05-09T19:53:18.818+07:00  INFO 4768 --- [restartedMain] o.s.m.s.b.SimpleBrokerMessageHandler     : Started.
2023-05-09T19:53:18.823+07:00  INFO 4768 --- [restartedMain] c.l.pos.LazySmoothServerApplication      : Started LazySmoothServerApplication in 2.411 seconds (process running for 2.76)
2023-05-09T19:53:37.178+07:00  INFO 4768 --- [SpringApplicationShutdownHook] o.s.m.s.b.SimpleBrokerMessageHandler     : Stopping...
2023-05-09T19:53:37.178+07:00  INFO 4768 --- [SpringApplicationShutdownHook] o.s.m.s.b.SimpleBrokerMessageHandler     : BrokerAvailabilityEvent[available=false, SimpleBrokerMessageHandler [org.springframework.messaging.simp.broker.DefaultSubscriptionRegistry@d46e48]]
2023-05-09T19:53:37.178+07:00  INFO 4768 --- [SpringApplicationShutdownHook] o.s.m.s.b.SimpleBrokerMessageHandler     : Stopped.
2023-05-09T19:53:37.187+07:00  INFO 4768 --- [SpringApplicationShutdownHook] j.LocalContainerEntityManagerFactoryBean : Closing JPA EntityManagerFactory for persistence unit 'default'
2023-05-09T19:53:37.189+07:00  INFO 4768 --- [SpringApplicationShutdownHook] com.zaxxer.hikari.HikariDataSource       : HikariPool-1 - Shutdown initiated...
2023-05-09T19:53:37.193+07:00  INFO 4768 --- [SpringApplicationShutdownHook] com.zaxxer.hikari.HikariDataSource       : HikariPool-1 - Shutdown completed.
